<?xml version="1.0" encoding="utf-8"?><testsuites><testsuite name="pytest" errors="0" failures="0" skipped="0" tests="3" time="1.121" timestamp="2025-07-17T08:44:55.955644" hostname="DESKTOP-79G7E9D"><testcase classname="tests.test_tool_protocol_validation.TestToolProtocolValidation" name="test_comprehensive_validation_security" time="0.008" /><testcase classname="tests.test_tool_protocol_validation.TestToolProtocolValidation" name="test_comprehensive_validation_performance" time="1.007" /><testcase classname="tests.test_tool_protocol_validation.TestToolProtocolValidation" name="test_validation_result_completeness" time="0.001" /></testsuite></testsuites>